Determining size of off64_t failed with the following output:
Change Dir: D:/Git/Failure5/CMakeFiles/CMakeTmp

Run Build Command:"D:\Programs\Microsoft Visual Studio\2017\Community/MSBuild/15.0/Bin/MSBuild.exe" "cmTC_32bd5.vcxproj" "/p:Configuration=Debug" "/p:VisualStudioVersion=15.0"
Microsoft (R) Build Engine version 15.1.1012.6693
Copyright (C) Microsoft Corporation. All rights reserved.

Build started 4/14/2017 7:20:15 PM.
Project "D:\Git\Failure5\CMakeFiles\CMakeTmp\cmTC_32bd5.vcxproj" on node 1 (default targets).
PrepareForBuild:
  Creating directory "cmTC_32bd5.dir\Debug\".
  Creating directory "D:\Git\Failure5\CMakeFiles\CMakeTmp\Debug\".
  Creating directory "cmTC_32bd5.dir\Debug\cmTC_32bd5.tlog\".
InitializeBuildStatus:
  Creating "cmTC_32bd5.dir\Debug\cmTC_32bd5.tlog\unsuccessfulbuild" because "AlwaysCreate" was specified.
ClCompile:
  D:\Programs\Microsoft Visual Studio\2017\Community\VC\Tools\MSVC\14.10.25017\bin\HostX86\x86\CL.exe /c /Zi /W3 /WX- /diagnostics:classic /Od /Ob0 /Oy- /D WIN32 /D _WINDOWS /D _LARGEFILE64_SOURCE=1 /D HAVE_SYS_TYPES_H /D HAVE_STDINT_H /D HAVE_STDDEF_H /D "CMAKE_INTDIR=\"Debug\"" /D _MBCS /GF /Gm- /RTC1 /MDd /GS /Gy /arch:IA32 /fp:precise /Zc:wchar_t /Zc:forScope /Zc:inline /GR- /Fo"cmTC_32bd5.dir\Debug\\" /Fd"cmTC_32bd5.dir\Debug\vc141.pdb" /Gd /TC /wd4996 /analyze- /errorReport:queue D:\Git\Failure5\CMakeFiles\CheckTypeSize\OFF64_T.c
  Microsoft (R) C/C++ Optimizing Compiler Version 19.10.25019 for x86
  Copyright (C) Microsoft Corporation.  All rights reserved.
  
  cl /c /Zi /W3 /WX- /diagnostics:classic /Od /Ob0 /Oy- /D WIN32 /D _WINDOWS /D _LARGEFILE64_SOURCE=1 /D HAVE_SYS_TYPES_H /D HAVE_STDINT_H /D HAVE_STDDEF_H /D "CMAKE_INTDIR=\"Debug\"" /D _MBCS /GF /Gm- /RTC1 /MDd /GS /Gy /arch:IA32 /fp:precise /Zc:wchar_t /Zc:forScope /Zc:inline /GR- /Fo"cmTC_32bd5.dir\Debug\\" /Fd"cmTC_32bd5.dir\Debug\vc141.pdb" /Gd /TC /wd4996 /analyze- /errorReport:queue D:\Git\Failure5\CMakeFiles\CheckTypeSize\OFF64_T.c
  OFF64_T.c
  
D:\Git\Failure5\CMakeFiles\CheckTypeSize\OFF64_T.c(19): error C2065: 'off64_t': undeclared identifier [D:\Git\Failure5\CMakeFiles\CMakeTmp\cmTC_32bd5.vcxproj]
D:\Git\Failure5\CMakeFiles\CheckTypeSize\OFF64_T.c(20): error C2065: 'off64_t': undeclared identifier [D:\Git\Failure5\CMakeFiles\CMakeTmp\cmTC_32bd5.vcxproj]
D:\Git\Failure5\CMakeFiles\CheckTypeSize\OFF64_T.c(21): error C2065: 'off64_t': undeclared identifier [D:\Git\Failure5\CMakeFiles\CMakeTmp\cmTC_32bd5.vcxproj]
D:\Git\Failure5\CMakeFiles\CheckTypeSize\OFF64_T.c(22): error C2065: 'off64_t': undeclared identifier [D:\Git\Failure5\CMakeFiles\CMakeTmp\cmTC_32bd5.vcxproj]
D:\Git\Failure5\CMakeFiles\CheckTypeSize\OFF64_T.c(23): error C2065: 'off64_t': undeclared identifier [D:\Git\Failure5\CMakeFiles\CMakeTmp\cmTC_32bd5.vcxproj]
Done Building Project "D:\Git\Failure5\CMakeFiles\CMakeTmp\cmTC_32bd5.vcxproj" (default targets) -- FAILED.

Build FAILED.

"D:\Git\Failure5\CMakeFiles\CMakeTmp\cmTC_32bd5.vcxproj" (default target) (1) ->
(ClCompile target) -> 
  D:\Git\Failure5\CMakeFiles\CheckTypeSize\OFF64_T.c(19): error C2065: 'off64_t': undeclared identifier [D:\Git\Failure5\CMakeFiles\CMakeTmp\cmTC_32bd5.vcxproj]
  D:\Git\Failure5\CMakeFiles\CheckTypeSize\OFF64_T.c(20): error C2065: 'off64_t': undeclared identifier [D:\Git\Failure5\CMakeFiles\CMakeTmp\cmTC_32bd5.vcxproj]
  D:\Git\Failure5\CMakeFiles\CheckTypeSize\OFF64_T.c(21): error C2065: 'off64_t': undeclared identifier [D:\Git\Failure5\CMakeFiles\CMakeTmp\cmTC_32bd5.vcxproj]
  D:\Git\Failure5\CMakeFiles\CheckTypeSize\OFF64_T.c(22): error C2065: 'off64_t': undeclared identifier [D:\Git\Failure5\CMakeFiles\CMakeTmp\cmTC_32bd5.vcxproj]
  D:\Git\Failure5\CMakeFiles\CheckTypeSize\OFF64_T.c(23): error C2065: 'off64_t': undeclared identifier [D:\Git\Failure5\CMakeFiles\CMakeTmp\cmTC_32bd5.vcxproj]

    0 Warning(s)
    5 Error(s)

Time Elapsed 00:00:00.43

D:/Git/Failure5/CMakeFiles/CheckTypeSize/OFF64_T.c:
#include <sys/types.h>
#include <stdint.h>
#include <stddef.h>


#undef KEY
#if defined(__i386)
# define KEY '_','_','i','3','8','6'
#elif defined(__x86_64)
# define KEY '_','_','x','8','6','_','6','4'
#elif defined(__ppc__)
# define KEY '_','_','p','p','c','_','_'
#elif defined(__ppc64__)
# define KEY '_','_','p','p','c','6','4','_','_'
#endif

#define SIZE (sizeof(off64_t))
char info_size[] =  {'I', 'N', 'F', 'O', ':', 's','i','z','e','[',
  ('0' + ((SIZE / 10000)%10)),
  ('0' + ((SIZE / 1000)%10)),
  ('0' + ((SIZE / 100)%10)),
  ('0' + ((SIZE / 10)%10)),
  ('0' +  (SIZE    % 10)),
  ']',
#ifdef KEY
  ' ','k','e','y','[', KEY, ']',
#endif
  '\0'};

#ifdef __CLASSIC_C__
int main(argc, argv) int argc; char *argv[];
#else
int main(int argc, char *argv[])
#endif
{
  int require = 0;
  require += info_size[argc];
  (void)argv;
  return require;
}


Determining if the function fseeko exists failed with the following output:
Change Dir: D:/Git/Failure5/CMakeFiles/CMakeTmp

Run Build Command:"D:\Programs\Microsoft Visual Studio\2017\Community/MSBuild/15.0/Bin/MSBuild.exe" "cmTC_04f40.vcxproj" "/p:Configuration=Debug" "/p:VisualStudioVersion=15.0"
Microsoft (R) Build Engine version 15.1.1012.6693
Copyright (C) Microsoft Corporation. All rights reserved.

Build started 4/14/2017 7:20:15 PM.
Project "D:\Git\Failure5\CMakeFiles\CMakeTmp\cmTC_04f40.vcxproj" on node 1 (default targets).
PrepareForBuild:
  Creating directory "cmTC_04f40.dir\Debug\".
  Creating directory "D:\Git\Failure5\CMakeFiles\CMakeTmp\Debug\".
  Creating directory "cmTC_04f40.dir\Debug\cmTC_04f40.tlog\".
InitializeBuildStatus:
  Creating "cmTC_04f40.dir\Debug\cmTC_04f40.tlog\unsuccessfulbuild" because "AlwaysCreate" was specified.
ClCompile:
  D:\Programs\Microsoft Visual Studio\2017\Community\VC\Tools\MSVC\14.10.25017\bin\HostX86\x86\CL.exe /c /Zi /W3 /WX- /diagnostics:classic /Od /Ob0 /Oy- /D WIN32 /D _WINDOWS /D CHECK_FUNCTION_EXISTS=fseeko /D "CMAKE_INTDIR=\"Debug\"" /D _MBCS /GF /Gm- /RTC1 /MDd /GS /Gy /arch:IA32 /fp:precise /Zc:wchar_t /Zc:forScope /Zc:inline /GR- /Fo"cmTC_04f40.dir\Debug\\" /Fd"cmTC_04f40.dir\Debug\vc141.pdb" /Gd /TC /wd4996 /analyze- /errorReport:queue "D:\Prpgrams\CMake\share\cmake-3.8\Modules\CheckFunctionExists.c"
  Microsoft (R) C/C++ Optimizing Compiler Version 19.10.25019 for x86
  Copyright (C) Microsoft Corporation.  All rights reserved.
  
  cl /c /Zi /W3 /WX- /diagnostics:classic /Od /Ob0 /Oy- /D WIN32 /D _WINDOWS /D CHECK_FUNCTION_EXISTS=fseeko /D "CMAKE_INTDIR=\"Debug\"" /D _MBCS /GF /Gm- /RTC1 /MDd /GS /Gy /arch:IA32 /fp:precise /Zc:wchar_t /Zc:forScope /Zc:inline /GR- /Fo"cmTC_04f40.dir\Debug\\" /Fd"cmTC_04f40.dir\Debug\vc141.pdb" /Gd /TC /wd4996 /analyze- /errorReport:queue "D:\Prpgrams\CMake\share\cmake-3.8\Modules\CheckFunctionExists.c"
  CheckFunctionExists.c
  
Link:
  D:\Programs\Microsoft Visual Studio\2017\Community\VC\Tools\MSVC\14.10.25017\bin\HostX86\x86\link.exe /ERRORREPORT:QUEUE /OUT:"D:\Git\Failure5\CMakeFiles\CMakeTmp\Debug\cmTC_04f40.exe" /INCREMENTAL /NOLOGO kernel32.lib user32.lib gdi32.lib winspool.lib shell32.lib ole32.lib oleaut32.lib uuid.lib comdlg32.lib advapi32.lib /MANIFEST /MANIFESTUAC:"level='asInvoker' uiAccess='false'" /manifest:embed /DEBUG /PDB:"D:/Git/Failure5/CMakeFiles/CMakeTmp/Debug/cmTC_04f40.pdb" /SUBSYSTEM:CONSOLE /TLBID:1 /DYNAMICBASE /NXCOMPAT /IMPLIB:"D:/Git/Failure5/CMakeFiles/CMakeTmp/Debug/cmTC_04f40.lib" /MACHINE:X86 /SAFESEH   /machine:X86 cmTC_04f40.dir\Debug\CheckFunctionExists.obj
CheckFunctionExists.obj : error LNK2019: unresolved external symbol _fseeko referenced in function _main [D:\Git\Failure5\CMakeFiles\CMakeTmp\cmTC_04f40.vcxproj]
D:\Git\Failure5\CMakeFiles\CMakeTmp\Debug\cmTC_04f40.exe : fatal error LNK1120: 1 unresolved externals [D:\Git\Failure5\CMakeFiles\CMakeTmp\cmTC_04f40.vcxproj]
Done Building Project "D:\Git\Failure5\CMakeFiles\CMakeTmp\cmTC_04f40.vcxproj" (default targets) -- FAILED.

Build FAILED.

"D:\Git\Failure5\CMakeFiles\CMakeTmp\cmTC_04f40.vcxproj" (default target) (1) ->
(Link target) -> 
  CheckFunctionExists.obj : error LNK2019: unresolved external symbol _fseeko referenced in function _main [D:\Git\Failure5\CMakeFiles\CMakeTmp\cmTC_04f40.vcxproj]
  D:\Git\Failure5\CMakeFiles\CMakeTmp\Debug\cmTC_04f40.exe : fatal error LNK1120: 1 unresolved externals [D:\Git\Failure5\CMakeFiles\CMakeTmp\cmTC_04f40.vcxproj]

    0 Warning(s)
    2 Error(s)

Time Elapsed 00:00:00.60


Determining if the include file unistd.h exists failed with the following output:
Change Dir: D:/Git/Failure5/CMakeFiles/CMakeTmp

Run Build Command:"D:\Programs\Microsoft Visual Studio\2017\Community/MSBuild/15.0/Bin/MSBuild.exe" "cmTC_26bbf.vcxproj" "/p:Configuration=Debug" "/p:VisualStudioVersion=15.0"
Microsoft (R) Build Engine version 15.1.1012.6693
Copyright (C) Microsoft Corporation. All rights reserved.

Build started 4/14/2017 7:20:16 PM.
Project "D:\Git\Failure5\CMakeFiles\CMakeTmp\cmTC_26bbf.vcxproj" on node 1 (default targets).
PrepareForBuild:
  Creating directory "cmTC_26bbf.dir\Debug\".
  Creating directory "D:\Git\Failure5\CMakeFiles\CMakeTmp\Debug\".
  Creating directory "cmTC_26bbf.dir\Debug\cmTC_26bbf.tlog\".
InitializeBuildStatus:
  Creating "cmTC_26bbf.dir\Debug\cmTC_26bbf.tlog\unsuccessfulbuild" because "AlwaysCreate" was specified.
ClCompile:
  D:\Programs\Microsoft Visual Studio\2017\Community\VC\Tools\MSVC\14.10.25017\bin\HostX86\x86\CL.exe /c /Zi /W3 /WX- /diagnostics:classic /Od /Ob0 /Oy- /D WIN32 /D _WINDOWS /D "CMAKE_INTDIR=\"Debug\"" /D _MBCS /GF /Gm- /RTC1 /MDd /GS /Gy /arch:IA32 /fp:precise /Zc:wchar_t /Zc:forScope /Zc:inline /GR- /Fo"cmTC_26bbf.dir\Debug\\" /Fd"cmTC_26bbf.dir\Debug\vc141.pdb" /Gd /TC /wd4996 /analyze- /errorReport:queue D:\Git\Failure5\CMakeFiles\CMakeTmp\CheckIncludeFile.c
  Microsoft (R) C/C++ Optimizing Compiler Version 19.10.25019 for x86
  Copyright (C) Microsoft Corporation.  All rights reserved.
  
  cl /c /Zi /W3 /WX- /diagnostics:classic /Od /Ob0 /Oy- /D WIN32 /D _WINDOWS /D "CMAKE_INTDIR=\"Debug\"" /D _MBCS /GF /Gm- /RTC1 /MDd /GS /Gy /arch:IA32 /fp:precise /Zc:wchar_t /Zc:forScope /Zc:inline /GR- /Fo"cmTC_26bbf.dir\Debug\\" /Fd"cmTC_26bbf.dir\Debug\vc141.pdb" /Gd /TC /wd4996 /analyze- /errorReport:queue D:\Git\Failure5\CMakeFiles\CMakeTmp\CheckIncludeFile.c
  CheckIncludeFile.c
  
D:\Git\Failure5\CMakeFiles\CMakeTmp\CheckIncludeFile.c(1): fatal error C1083: Cannot open include file: 'unistd.h': No such file or directory [D:\Git\Failure5\CMakeFiles\CMakeTmp\cmTC_26bbf.vcxproj]
Done Building Project "D:\Git\Failure5\CMakeFiles\CMakeTmp\cmTC_26bbf.vcxproj" (default targets) -- FAILED.

Build FAILED.

"D:\Git\Failure5\CMakeFiles\CMakeTmp\cmTC_26bbf.vcxproj" (default target) (1) ->
(ClCompile target) -> 
  D:\Git\Failure5\CMakeFiles\CMakeTmp\CheckIncludeFile.c(1): fatal error C1083: Cannot open include file: 'unistd.h': No such file or directory [D:\Git\Failure5\CMakeFiles\CMakeTmp\cmTC_26bbf.vcxproj]

    0 Warning(s)
    1 Error(s)

Time Elapsed 00:00:00.42


Determining if the function strndup exists failed with the following output:
Change Dir: D:/Git/Failure5/CMakeFiles/CMakeTmp

Run Build Command:"D:\Programs\Microsoft Visual Studio\2017\Community/MSBuild/15.0/Bin/MSBuild.exe" "cmTC_a8563.vcxproj" "/p:Configuration=Debug" "/p:VisualStudioVersion=15.0"
Microsoft (R) Build Engine version 15.1.1012.6693
Copyright (C) Microsoft Corporation. All rights reserved.

Build started 4/14/2017 7:20:17 PM.
Project "D:\Git\Failure5\CMakeFiles\CMakeTmp\cmTC_a8563.vcxproj" on node 1 (default targets).
PrepareForBuild:
  Creating directory "cmTC_a8563.dir\Debug\".
  Creating directory "D:\Git\Failure5\CMakeFiles\CMakeTmp\Debug\".
  Creating directory "cmTC_a8563.dir\Debug\cmTC_a8563.tlog\".
InitializeBuildStatus:
  Creating "cmTC_a8563.dir\Debug\cmTC_a8563.tlog\unsuccessfulbuild" because "AlwaysCreate" was specified.
ClCompile:
  D:\Programs\Microsoft Visual Studio\2017\Community\VC\Tools\MSVC\14.10.25017\bin\HostX86\x86\CL.exe /c /Zi /W3 /WX- /diagnostics:classic /Od /Ob0 /Oy- /D WIN32 /D _WINDOWS /D CHECK_FUNCTION_EXISTS=strndup /D "CMAKE_INTDIR=\"Debug\"" /D _MBCS /GF /Gm- /RTC1 /MDd /GS /Gy /arch:IA32 /fp:precise /Zc:wchar_t /Zc:forScope /Zc:inline /GR- /Fo"cmTC_a8563.dir\Debug\\" /Fd"cmTC_a8563.dir\Debug\vc141.pdb" /Gd /TC /wd4996 /analyze- /errorReport:queue "D:\Prpgrams\CMake\share\cmake-3.8\Modules\CheckFunctionExists.c"
  Microsoft (R) C/C++ Optimizing Compiler Version 19.10.25019 for x86
  Copyright (C) Microsoft Corporation.  All rights reserved.
  
  cl /c /Zi /W3 /WX- /diagnostics:classic /Od /Ob0 /Oy- /D WIN32 /D _WINDOWS /D CHECK_FUNCTION_EXISTS=strndup /D "CMAKE_INTDIR=\"Debug\"" /D _MBCS /GF /Gm- /RTC1 /MDd /GS /Gy /arch:IA32 /fp:precise /Zc:wchar_t /Zc:forScope /Zc:inline /GR- /Fo"cmTC_a8563.dir\Debug\\" /Fd"cmTC_a8563.dir\Debug\vc141.pdb" /Gd /TC /wd4996 /analyze- /errorReport:queue "D:\Prpgrams\CMake\share\cmake-3.8\Modules\CheckFunctionExists.c"
  CheckFunctionExists.c
  
Link:
  D:\Programs\Microsoft Visual Studio\2017\Community\VC\Tools\MSVC\14.10.25017\bin\HostX86\x86\link.exe /ERRORREPORT:QUEUE /OUT:"D:\Git\Failure5\CMakeFiles\CMakeTmp\Debug\cmTC_a8563.exe" /INCREMENTAL /NOLOGO kernel32.lib user32.lib gdi32.lib winspool.lib shell32.lib ole32.lib oleaut32.lib uuid.lib comdlg32.lib advapi32.lib /MANIFEST /MANIFESTUAC:"level='asInvoker' uiAccess='false'" /manifest:embed /DEBUG /PDB:"D:/Git/Failure5/CMakeFiles/CMakeTmp/Debug/cmTC_a8563.pdb" /SUBSYSTEM:CONSOLE /TLBID:1 /DYNAMICBASE /NXCOMPAT /IMPLIB:"D:/Git/Failure5/CMakeFiles/CMakeTmp/Debug/cmTC_a8563.lib" /MACHINE:X86 /SAFESEH   /machine:X86 cmTC_a8563.dir\Debug\CheckFunctionExists.obj
CheckFunctionExists.obj : error LNK2019: unresolved external symbol _strndup referenced in function _main [D:\Git\Failure5\CMakeFiles\CMakeTmp\cmTC_a8563.vcxproj]
D:\Git\Failure5\CMakeFiles\CMakeTmp\Debug\cmTC_a8563.exe : fatal error LNK1120: 1 unresolved externals [D:\Git\Failure5\CMakeFiles\CMakeTmp\cmTC_a8563.vcxproj]
Done Building Project "D:\Git\Failure5\CMakeFiles\CMakeTmp\cmTC_a8563.vcxproj" (default targets) -- FAILED.

Build FAILED.

"D:\Git\Failure5\CMakeFiles\CMakeTmp\cmTC_a8563.vcxproj" (default target) (1) ->
(Link target) -> 
  CheckFunctionExists.obj : error LNK2019: unresolved external symbol _strndup referenced in function _main [D:\Git\Failure5\CMakeFiles\CMakeTmp\cmTC_a8563.vcxproj]
  D:\Git\Failure5\CMakeFiles\CMakeTmp\Debug\cmTC_a8563.exe : fatal error LNK1120: 1 unresolved externals [D:\Git\Failure5\CMakeFiles\CMakeTmp\cmTC_a8563.vcxproj]

    0 Warning(s)
    2 Error(s)

Time Elapsed 00:00:00.66


Performing C++ SOURCE FILE Test CAN_DO_MFPMATH failed with the following output:
Change Dir: D:/Git/Failure5/CMakeFiles/CMakeTmp

Run Build Command:"D:\Programs\Microsoft Visual Studio\2017\Community/MSBuild/15.0/Bin/MSBuild.exe" "cmTC_539f6.vcxproj" "/p:Configuration=Debug" "/p:VisualStudioVersion=15.0"
Microsoft (R) Build Engine version 15.1.1012.6693
Copyright (C) Microsoft Corporation. All rights reserved.

Build started 4/14/2017 7:20:29 PM.
Project "D:\Git\Failure5\CMakeFiles\CMakeTmp\cmTC_539f6.vcxproj" on node 1 (default targets).
PrepareForBuild:
  Creating directory "cmTC_539f6.dir\Debug\".
  Creating directory "D:\Git\Failure5\CMakeFiles\CMakeTmp\Debug\".
  Creating directory "cmTC_539f6.dir\Debug\cmTC_539f6.tlog\".
InitializeBuildStatus:
  Creating "cmTC_539f6.dir\Debug\cmTC_539f6.tlog\unsuccessfulbuild" because "AlwaysCreate" was specified.
ClCompile:
  D:\Programs\Microsoft Visual Studio\2017\Community\VC\Tools\MSVC\14.10.25017\bin\HostX86\x86\CL.exe /c /Zi /W3 /WX- /diagnostics:classic /Od /Ob0 /Oy- /D WIN32 /D _WINDOWS /D CAN_DO_MFPMATH /D "CMAKE_INTDIR=\"Debug\"" /D _MBCS /GF /Gm- /EHsc /RTC1 /MDd /GS /Gy /arch:IA32 /fp:precise /Zc:wchar_t /Zc:forScope /Zc:inline /GR- /Fo"cmTC_539f6.dir\Debug\\" /Fd"cmTC_539f6.dir\Debug\vc141.pdb" /Gd /TP /wd4996 /analyze- /errorReport:queue   -msse2 -mfpmath=sse D:\Git\Failure5\CMakeFiles\CMakeTmp\src.cxx
  Microsoft (R) C/C++ Optimizing Compiler Version 19.10.25019 for x86
  Copyright (C) Microsoft Corporation.  All rights reserved.
  
  cl /c /Zi /W3 /WX- /diagnostics:classic /Od /Ob0 /Oy- /D WIN32 /D _WINDOWS /D CAN_DO_MFPMATH /D "CMAKE_INTDIR=\"Debug\"" /D _MBCS /GF /Gm- /EHsc /RTC1 /MDd /GS /Gy /arch:IA32 /fp:precise /Zc:wchar_t /Zc:forScope /Zc:inline /GR- /Fo"cmTC_539f6.dir\Debug\\" /Fd"cmTC_539f6.dir\Debug\vc141.pdb" /Gd /TP /wd4996 /analyze- /errorReport:queue   -msse2 -mfpmath=sse D:\Git\Failure5\CMakeFiles\CMakeTmp\src.cxx
  src.cxx
  
cl : Command line warning D9002: ignoring unknown option '-msse2' [D:\Git\Failure5\CMakeFiles\CMakeTmp\cmTC_539f6.vcxproj]
cl : Command line warning D9002: ignoring unknown option '-mfpmath=sse' [D:\Git\Failure5\CMakeFiles\CMakeTmp\cmTC_539f6.vcxproj]
Link:
  D:\Programs\Microsoft Visual Studio\2017\Community\VC\Tools\MSVC\14.10.25017\bin\HostX86\x86\link.exe /ERRORREPORT:QUEUE /OUT:"D:\Git\Failure5\CMakeFiles\CMakeTmp\Debug\cmTC_539f6.exe" /INCREMENTAL /NOLOGO kernel32.lib user32.lib gdi32.lib winspool.lib shell32.lib ole32.lib oleaut32.lib uuid.lib comdlg32.lib advapi32.lib /MANIFEST /MANIFESTUAC:"level='asInvoker' uiAccess='false'" /manifest:embed /DEBUG /PDB:"D:/Git/Failure5/CMakeFiles/CMakeTmp/Debug/cmTC_539f6.pdb" /SUBSYSTEM:CONSOLE /TLBID:1 /DYNAMICBASE /NXCOMPAT /IMPLIB:"D:/Git/Failure5/CMakeFiles/CMakeTmp/Debug/cmTC_539f6.lib" /MACHINE:X86 /SAFESEH   /machine:X86 cmTC_539f6.dir\Debug\src.obj
  cmTC_539f6.vcxproj -> D:\Git\Failure5\CMakeFiles\CMakeTmp\Debug\cmTC_539f6.exe
FinalizeBuildStatus:
  Deleting file "cmTC_539f6.dir\Debug\cmTC_539f6.tlog\unsuccessfulbuild".
  Touching "cmTC_539f6.dir\Debug\cmTC_539f6.tlog\cmTC_539f6.lastbuildstate".
Done Building Project "D:\Git\Failure5\CMakeFiles\CMakeTmp\cmTC_539f6.vcxproj" (default targets).

Build succeeded.

"D:\Git\Failure5\CMakeFiles\CMakeTmp\cmTC_539f6.vcxproj" (default target) (1) ->
(ClCompile target) -> 
  cl : Command line warning D9002: ignoring unknown option '-msse2' [D:\Git\Failure5\CMakeFiles\CMakeTmp\cmTC_539f6.vcxproj]
  cl : Command line warning D9002: ignoring unknown option '-mfpmath=sse' [D:\Git\Failure5\CMakeFiles\CMakeTmp\cmTC_539f6.vcxproj]

    2 Warning(s)
    0 Error(s)

Time Elapsed 00:00:00.73

Source file was:
int main() { return 0; }
